0 info it worked if it ends with ok
1 verbose cli [ '/usr/local/bin/node',
1 verbose cli   '/usr/local/bin/npm',
1 verbose cli   'i',
1 verbose cli   'Object.observe',
1 verbose cli   '--save' ]
2 info using npm@1.3.24
3 info using node@v0.10.25
4 warn package.json NCB2@2.0.0 No repository field.
5 verbose readDependencies using package.json deps
6 verbose cache add [ 'Object.observe', null ]
7 verbose cache add name=undefined spec="Object.observe" args=["Object.observe",null]
8 verbose parsed url { protocol: null,
8 verbose parsed url   slashes: null,
8 verbose parsed url   auth: null,
8 verbose parsed url   host: null,
8 verbose parsed url   port: null,
8 verbose parsed url   hostname: null,
8 verbose parsed url   hash: null,
8 verbose parsed url   search: null,
8 verbose parsed url   query: null,
8 verbose parsed url   pathname: 'Object.observe',
8 verbose parsed url   path: 'Object.observe',
8 verbose parsed url   href: 'Object.observe' }
9 silly lockFile 41649cea-Object-observe Object.observe
10 verbose lock Object.observe /Users/davidclements/.npm/41649cea-Object-observe.lock
11 silly lockFile 41649cea-Object-observe Object.observe
12 silly lockFile 41649cea-Object-observe Object.observe
13 verbose addNamed [ 'Object.observe', '' ]
14 verbose addNamed [ null, '*' ]
15 silly lockFile a75ae79c-Object-observe Object.observe@
16 verbose lock Object.observe@ /Users/davidclements/.npm/a75ae79c-Object-observe.lock
17 silly addNameRange { name: 'Object.observe', range: '*', hasData: false }
18 verbose url raw Object.observe
19 verbose url resolving [ 'https://registry.npmjs.org/', './Object.observe' ]
20 verbose url resolved https://registry.npmjs.org/Object.observe
21 info trying registry request attempt 1 at 00:48:02
22 http GET https://registry.npmjs.org/Object.observe
23 http 404 https://registry.npmjs.org/Object.observe
24 silly registry.get cb [ 404,
24 silly registry.get   { date: 'Mon, 10 Feb 2014 00:47:47 GMT',
24 silly registry.get     server: 'CouchDB/1.5.0 (Erlang OTP/R16B)',
24 silly registry.get     'content-type': 'application/json',
24 silly registry.get     via: '1.1 varnish',
24 silly registry.get     'cache-control': 'max-age=0',
24 silly registry.get     'content-length': '52',
24 silly registry.get     'accept-ranges': 'bytes',
24 silly registry.get     age: '0',
24 silly registry.get     'x-served-by': 'cache-v37-ASH, cache-lcy1127-LCY',
24 silly registry.get     'x-cache': 'MISS, MISS',
24 silly registry.get     'x-cache-hits': '0, 0',
24 silly registry.get     'x-timer': 'S1391993267.670078516,VS0,VS46,VE131,VE167',
24 silly registry.get     'keep-alive': 'timeout=10, max=50',
24 silly registry.get     connection: 'Keep-Alive' } ]
25 silly lockFile a75ae79c-Object-observe Object.observe@
26 silly lockFile a75ae79c-Object-observe Object.observe@
27 error 404 'Object.observe' is not in the npm registry.
27 error 404 You should bug the author to publish it
27 error 404 It was specified as a dependency of 'NCB2'
27 error 404
27 error 404 Note that you can also install from a
27 error 404 tarball, folder, or http url, or git url.
28 error System Darwin 13.0.2
29 error command "/usr/local/bin/node" "/usr/local/bin/npm" "i" "Object.observe" "--save"
30 error cwd /Users/davidclements/Dropbox/Node Cookbook/Code v2/03-Working with Data Serialization/12-Browser-server transmission via AJAX
31 error node -v v0.10.25
32 error npm -v 1.3.24
33 error code E404
34 verbose exit [ 1, true ]
